accuracy: 0.21666666666666667
accuracy: 0.2111111111111111
accuracy: 0.14444444444444443
accuracy: 0.23333333333333334
5000 10% (0m 8s) 2.5060 Greco / Portuguese ✗ (Italian)
accuracy: 0.2777777777777778
accuracy: 0.2388888888888889
accuracy: 0.3277777777777778
accuracy: 0.2611111111111111
accuracy: 0.3611111111111111
10000 20% (0m 16s) 2.2854 Duarte / French ✗ (Portuguese)
accuracy: 0.3888888888888889
accuracy: 0.3277777777777778
accuracy: 0.34444444444444444
accuracy: 0.3111111111111111
accuracy: 0.37222222222222223
15000 30% (0m 23s) 1.1935 Van / Chinese ✗ (Vietnamese)
accuracy: 0.35
accuracy: 0.37777777777777777
accuracy: 0.38333333333333336
accuracy: 0.39444444444444443
accuracy: 0.35
20000 40% (0m 31s) 0.9869 Tholberg / Dutch ✓
accuracy: 0.39444444444444443
accuracy: 0.38333333333333336
accuracy: 0.4166666666666667
accuracy: 0.40555555555555556
accuracy: 0.37222222222222223
25000 50% (0m 39s) 1.9904 Bruce / French ✗ (Scottish)
accuracy: 0.3611111111111111
accuracy: 0.42777777777777776
accuracy: 0.4222222222222222
accuracy: 0.3611111111111111
accuracy: 0.3888888888888889
30000 60% (0m 47s) 2.0798 Accursio / Scottish ✗ (Italian)
accuracy: 0.36666666666666664
accuracy: 0.34444444444444444
accuracy: 0.4
accuracy: 0.4
accuracy: 0.4111111111111111
35000 70% (0m 55s) 0.0721 Quach / Vietnamese ✓
accuracy: 0.35555555555555557
accuracy: 0.3611111111111111
accuracy: 0.38333333333333336
accuracy: 0.38333333333333336
accuracy: 0.40555555555555556
40000 80% (1m 3s) 4.6222 Register / German ✗ (Irish)
accuracy: 0.32222222222222224
accuracy: 0.40555555555555556
accuracy: 0.35555555555555557
accuracy: 0.38333333333333336
accuracy: 0.42777777777777776
45000 90% (1m 10s) 2.2687 D'cruz / Spanish ✗ (Portuguese)
accuracy: 0.4111111111111111
accuracy: 0.37777777777777777
accuracy: 0.31666666666666665
accuracy: 0.38333333333333336
accuracy: 0.3888888888888889
50000 100% (1m 18s) 1.3144 Kollen / Dutch ✓
accuracy: 0.3611111111111111
[2.8604142730236055, 2.815600620031357, 2.722858374476433, 2.6143049030900003, 2.5053339095115663, 2.396655434668064, 2.3459735028147697, 2.2623603968918324, 2.237130967475474, 2.155941214852035, 2.0851987896561623, 2.095029188156128, 2.048173998437822, 2.004178764991462, 1.9147530942335724, 1.9455480169057846, 1.9356009561680256, 1.8499053164459764, 1.8572729126028718, 1.8669960581436753, 1.7838594778962433, 1.7157857848042621, 1.7535751582495869, 1.7370621642088517, 1.669984871804714, 1.712388403815683, 1.6496171118924394, 1.6156692552141612, 1.7436170361367986, 1.6754061402920633, 1.6142810249328614, 1.6149799828447866, 1.570935820750892, 1.6084776400676928, 1.5911954616121948, 1.5358643734212964, 1.5432432314656326, 1.5201650402555242, 1.541101192914124, 1.4763905349578708, 1.500443452410167, 1.4615034908279776, 1.5445551602318883, 1.445088339231239, 1.4245811667975503, 1.461837624723441, 1.4280874065874813, 1.385996531659097, 1.4914694607959245, 1.460388267620001]
