accuracy: 0.13333333333333333
accuracy: 0.2111111111111111
accuracy: 0.20555555555555555
accuracy: 0.2388888888888889
5000 10% (0m 16s) 2.2776 Ferguson / Russian ✗ (Scottish)
accuracy: 0.22777777777777777
accuracy: 0.3055555555555556
accuracy: 0.34444444444444444
accuracy: 0.31666666666666665
accuracy: 0.3277777777777778
10000 20% (0m 33s) 2.6424 Asturias / Scottish ✗ (Spanish)
accuracy: 0.35555555555555557
accuracy: 0.35555555555555557
accuracy: 0.36666666666666664
accuracy: 0.3388888888888889
accuracy: 0.36666666666666664
15000 30% (0m 49s) 1.9074 Vargas / Arabic ✗ (Portuguese)
accuracy: 0.35
accuracy: 0.4222222222222222
accuracy: 0.3277777777777778
accuracy: 0.37222222222222223
accuracy: 0.37222222222222223
20000 40% (1m 5s) 1.6395 Macclelland / German ✗ (Irish)
accuracy: 0.3
accuracy: 0.4388888888888889
accuracy: 0.26666666666666666
accuracy: 0.38333333333333336
accuracy: 0.35
25000 50% (1m 21s) 2.1699 Dymott / French ✗ (English)
accuracy: 0.35555555555555557
accuracy: 0.3611111111111111
accuracy: 0.36666666666666664
accuracy: 0.3388888888888889
accuracy: 0.34444444444444444
30000 60% (1m 38s) 1.5631 Pelaez / Spanish ✓
accuracy: 0.35
accuracy: 0.29444444444444445
accuracy: 0.3388888888888889
accuracy: 0.3611111111111111
accuracy: 0.37777777777777777
35000 70% (1m 54s) 1.8663 Abbate / French ✗ (Italian)
accuracy: 0.36666666666666664
accuracy: 0.32222222222222224
accuracy: 0.34444444444444444
accuracy: 0.3888888888888889
accuracy: 0.37222222222222223
40000 80% (2m 10s) 1.0111 Nie / Chinese ✓
accuracy: 0.35
accuracy: 0.34444444444444444
accuracy: 0.3388888888888889
accuracy: 0.3333333333333333
accuracy: 0.3333333333333333
45000 90% (2m 26s) 2.1050 Cameron / English ✗ (Scottish)
accuracy: 0.4111111111111111
accuracy: 0.38333333333333336
accuracy: 0.4166666666666667
accuracy: 0.35
accuracy: 0.3611111111111111
50000 100% (2m 43s) 0.3916 Man / Chinese ✓
accuracy: 0.37777777777777777
[2.864975303888321, 2.8022944629192352, 2.6605305858552457, 2.5435430425405503, 2.4482224611938, 2.371485200971365, 2.3213511665016413, 2.2310013891085982, 2.1832780298739674, 2.1458264466915278, 2.0579442748501897, 2.0397636362202465, 1.9748182900715618, 1.9580648332163693, 1.9664280136153103, 1.9286560937354806, 1.8895533536765725, 1.8829565893691034, 1.8213138859230094, 1.7261342591643334, 1.7439862915752455, 1.760259644257836, 1.7166024934528397, 1.6946251748297363, 1.7324187039232348, 1.5936581862613093, 1.6280287526689936, 1.6599344889982603, 1.6039211320439353, 1.5766171373575926, 1.605298020830378, 1.5200094341002404, 1.5050322739090771, 1.6079526147516445, 1.581381817555055, 1.4970947771312204, 1.4560481985240186, 1.5329471309061629, 1.5247525505400263, 1.4885388789530845, 1.451444142246386, 1.4226143991569988, 1.438843085996108, 1.4393913657816593, 1.4272531793309027, 1.4821226033326238, 1.4731040959877428, 1.4945135143274093, 1.452328480440192, 1.429849360608263]
