accuracy: 0.14444444444444443
accuracy: 0.2
accuracy: 0.2222222222222222
accuracy: 0.2388888888888889
5000 10% (0m 6s) 2.9583 Han / Irish ✗ (Vietnamese)
accuracy: 0.23333333333333334
accuracy: 0.21666666666666667
accuracy: 0.2388888888888889
accuracy: 0.21666666666666667
accuracy: 0.2111111111111111
10000 20% (0m 11s) 0.6816 Minniahmetov / Russian ✓
accuracy: 0.3055555555555556
accuracy: 0.32222222222222224
accuracy: 0.3277777777777778
accuracy: 0.32222222222222224
accuracy: 0.35
15000 30% (0m 17s) 0.8778 Son / Korean ✓
accuracy: 0.3388888888888889
accuracy: 0.38333333333333336
accuracy: 0.37777777777777777
accuracy: 0.35555555555555557
accuracy: 0.3611111111111111
20000 40% (0m 22s) 1.9697 Herrera / Portuguese ✗ (Spanish)
accuracy: 0.36666666666666664
accuracy: 0.39444444444444443
accuracy: 0.35555555555555557
accuracy: 0.3388888888888889
accuracy: 0.35
25000 50% (0m 28s) 2.2621 Sorge / Czech ✗ (German)
accuracy: 0.39444444444444443
accuracy: 0.3888888888888889
accuracy: 0.42777777777777776
accuracy: 0.38333333333333336
accuracy: 0.4
30000 60% (0m 33s) 0.5828 Shim / Korean ✓
accuracy: 0.34444444444444444
accuracy: 0.4111111111111111
accuracy: 0.32222222222222224
accuracy: 0.31666666666666665
accuracy: 0.38333333333333336
35000 70% (0m 39s) 3.5990 O'Keefe / Dutch ✗ (Irish)
accuracy: 0.4111111111111111
accuracy: 0.36666666666666664
accuracy: 0.40555555555555556
accuracy: 0.35555555555555557
accuracy: 0.3888888888888889
40000 80% (0m 45s) 1.7146 Smolak / Czech ✗ (Polish)
accuracy: 0.35555555555555557
accuracy: 0.37777777777777777
accuracy: 0.36666666666666664
accuracy: 0.3888888888888889
accuracy: 0.4
45000 90% (0m 50s) 2.0322 Malecha / Portuguese ✗ (Czech)
accuracy: 0.40555555555555556
accuracy: 0.3388888888888889
accuracy: 0.38333333333333336
accuracy: 0.3611111111111111
accuracy: 0.3888888888888889
50000 100% (0m 56s) 1.1661 Tojo / Vietnamese ✗ (Japanese)
accuracy: 0.3388888888888889
[2.8600785539150237, 2.8229059207439424, 2.790477784156799, 2.7307270570993425, 2.6899473037719726, 2.6419646396636964, 2.547772285282612, 2.4778741528987887, 2.3348519366681577, 2.2623782470822333, 2.2229828388094903, 2.18118944747746, 2.104200025558472, 2.1129412089586257, 2.035688984557986, 2.0060401941239836, 1.9980198850929738, 1.977720338240266, 1.9182062070295214, 1.8965157213136554, 1.7994721825011075, 1.833019667454064, 1.8040798670295626, 1.8101906828060745, 1.8049030044525862, 1.8317713697105646, 1.8096267397999763, 1.7902067369297148, 1.607101454049407, 1.7560352520756424, 1.7119445088170469, 1.7203151568416506, 1.6801184254507535, 1.628925395950675, 1.6420501701033208, 1.612894938006997, 1.5867801863271742, 1.584415536675602, 1.551964051243849, 1.5700607243252453, 1.546707218559226, 1.6134199417997153, 1.5593641807809473, 1.592351447000634, 1.641148142740596, 1.5585297129685058, 1.5467100914064795, 1.5541348374185617, 1.5580055076414718, 1.5391014032904058]
