accuracy: 0.18333333333333332
accuracy: 0.2777777777777778
accuracy: 0.26666666666666666
accuracy: 0.2
5000 10% (0m 6s) 2.6838 Murray / English ✗ (Scottish)
accuracy: 0.3055555555555556
accuracy: 0.2388888888888889
accuracy: 0.3
accuracy: 0.28888888888888886
accuracy: 0.3333333333333333
10000 20% (0m 13s) 0.4466 Grammatakakis / Greek ✓
accuracy: 0.31666666666666665
accuracy: 0.35
accuracy: 0.31666666666666665
accuracy: 0.3333333333333333
accuracy: 0.35555555555555557
15000 30% (0m 19s) 1.9901 Nazari / Japanese ✗ (Arabic)
accuracy: 0.3388888888888889
accuracy: 0.37777777777777777
accuracy: 0.38333333333333336
accuracy: 0.3277777777777778
accuracy: 0.39444444444444443
20000 40% (0m 25s) 1.8393 Meissner / German ✓
accuracy: 0.28888888888888886
accuracy: 0.37777777777777777
accuracy: 0.37777777777777777
accuracy: 0.3611111111111111
accuracy: 0.3333333333333333
25000 50% (0m 31s) 1.5000 Dubhshlaine / Irish ✓
accuracy: 0.3277777777777778
accuracy: 0.4
accuracy: 0.4
accuracy: 0.3277777777777778
accuracy: 0.36666666666666664
30000 60% (0m 38s) 1.5415 Hanraets / Dutch ✓
accuracy: 0.4444444444444444
accuracy: 0.38333333333333336
accuracy: 0.3888888888888889
accuracy: 0.37777777777777777
accuracy: 0.3611111111111111
35000 70% (0m 44s) 0.9566 Trumbauer / German ✓
accuracy: 0.4
accuracy: 0.3388888888888889
accuracy: 0.36666666666666664
accuracy: 0.4166666666666667
accuracy: 0.34444444444444444
40000 80% (0m 51s) 0.4236 Than / Vietnamese ✓
accuracy: 0.36666666666666664
accuracy: 0.2777777777777778
accuracy: 0.3888888888888889
accuracy: 0.37222222222222223
accuracy: 0.4166666666666667
45000 90% (0m 57s) 0.6846 Huo / Chinese ✓
accuracy: 0.39444444444444443
accuracy: 0.38333333333333336
accuracy: 0.3
accuracy: 0.34444444444444444
accuracy: 0.31666666666666665
50000 100% (1m 4s) 2.6419 Holan / English ✗ (Czech)
accuracy: 0.38333333333333336
[2.8693009164333345, 2.824135905981064, 2.7753409769535065, 2.7166293935775756, 2.633373469352722, 2.4909243206977845, 2.391091316819191, 2.340058387875557, 2.268726251810789, 2.1921501804515717, 2.1765245226621626, 2.1067166966944932, 2.074629984743893, 2.0235016822218896, 1.992997862175107, 1.9659166188538075, 1.9691549379080533, 1.9185541491601616, 1.8762315873820334, 1.8839816885218024, 1.8131116831805556, 1.8094439376946538, 1.8366402754038573, 1.6919841249585152, 1.763480178406462, 1.726471487024799, 1.7264077948890626, 1.6501727275028826, 1.6449097357653082, 1.6471395142446272, 1.6582881505414844, 1.608632671063766, 1.6032978855716065, 1.5773904357925057, 1.6212713857013732, 1.571764897793997, 1.637493435146287, 1.609758024133742, 1.5634364953767508, 1.54910326387221, 1.497719326385064, 1.5102927800868637, 1.5037412795000709, 1.5230432728092418, 1.4854504090272822, 1.468411479979608, 1.4664656414277852, 1.437074445429258, 1.3819467740043765, 1.4314467046852224]
