Tue Dec 13 13:52:24 2022       
+-----------------------------------------------------------------------------+
| NVIDIA-SMI 515.65.01    Driver Version: 515.65.01    CUDA Version: 11.7     |
|-------------------------------+----------------------+----------------------+
| GPU  Name        Persistence-M| Bus-Id        Disp.A | Volatile Uncorr. ECC |
| Fan  Temp  Perf  Pwr:Usage/Cap|         Memory-Usage | GPU-Util  Compute M. |
|                               |                      |               MIG M. |
|===============================+======================+======================|
|   0  NVIDIA GeForce ...  On   | 00000000:56:00.0 Off |                  N/A |
| 30%   26C    P8    21W / 350W |      0MiB / 24576MiB |      0%      Default |
|                               |                      |                  N/A |
+-------------------------------+----------------------+----------------------+
                                                                               
+-----------------------------------------------------------------------------+
| Processes:                                                                  |
|  GPU   GI   CI        PID   Type   Process name                  GPU Memory |
|        ID   ID                                                   Usage      |
|=============================================================================|
|  No running processes found                                                 |
+-----------------------------------------------------------------------------+
1.8.1+cu111
Namespace(ignore_case=False, order=4, ref='iwslt14.rdrop.de-en-ckpt/result.gen.ref', sacrebleu=False, sentence_bleu=False, sys='iwslt14.rdrop.de-en-ckpt/result.gen.sys')
BLEU4 = 37.19, 70.2/45.3/31.3/22.1 (BP=0.965, ratio=0.966, syslen=255186, reflen=264172)
